{"/home/driven/Documentos/Projects/projeto-drivenpass/src/app.ts": {"path":"/home/driven/Documentos/Projects/projeto-drivenpass/src/app.ts","statementMap":{"0":{"start":{"line":1,"column":0},"end":{"line":1,"column":26}},"1":{"start":{"line":2,"column":0},"end":{"line":2,"column":30}},"2":{"start":{"line":3,"column":0},"end":{"line":3,"column":43}},"3":{"start":{"line":4,"column":0},"end":{"line":4,"column":24}},"4":{"start":{"line":5,"column":0},"end":{"line":5,"column":56}},"5":{"start":{"line":6,"column":0},"end":{"line":6,"column":96}},"6":{"start":{"line":7,"column":0},"end":{"line":7,"column":60}},"7":{"start":{"line":9,"column":0},"end":{"line":9,"column":10}},"8":{"start":{"line":11,"column":12},"end":{"line":11,"column":21}},"9":{"start":{"line":12,"column":0},"end":{"line":19,"column":32}},"10":{"start":{"line":22,"column":2},"end":{"line":22,"column":14}},"11":{"start":{"line":23,"column":2},"end":{"line":23,"column":30}},"12":{"start":{"line":21,"column":0},"end":{"line":21,"column":16}},"13":{"start":{"line":27,"column":2},"end":{"line":27,"column":23}},"14":{"start":{"line":26,"column":0},"end":{"line":26,"column":7}},"15":{"start":{"line":30,"column":0},"end":{"line":30,"column":19}}},"fnMap":{"0":{"name":"init","decl":{"start":{"line":21,"column":16},"end":{"line":21,"column":20}},"loc":{"start":{"line":21,"column":20},"end":{"line":24,"column":1}}},"1":{"name":"close","decl":{"start":{"line":26,"column":22},"end":{"line":26,"column":27}},"loc":{"start":{"line":26,"column":27},"end":{"line":28,"column":1}}}},"branchMap":{},"s":{"0":5,"1":5,"2":5,"3":5,"4":5,"5":5,"6":5,"7":5,"8":5,"9":5,"10":5,"11":5,"12":5,"13":0,"14":5,"15":5},"f":{"0":5,"1":0},"b":{}}
,"/home/driven/Documentos/Projects/projeto-drivenpass/src/config/database.ts": {"path":"/home/driven/Documentos/Projects/projeto-drivenpass/src/config/database.ts","statementMap":{"0":{"start":{"line":1,"column":0},"end":{"line":1,"column":46}},"1":{"start":{"line":5,"column":2},"end":{"line":5,"column":30}},"2":{"start":{"line":4,"column":0},"end":{"line":4,"column":16}},"3":{"start":{"line":9,"column":2},"end":{"line":9,"column":30}},"4":{"start":{"line":8,"column":0},"end":{"line":8,"column":7}}},"fnMap":{"0":{"name":"connectDb","decl":{"start":{"line":4,"column":16},"end":{"line":4,"column":25}},"loc":{"start":{"line":4,"column":25},"end":{"line":6,"column":1}}},"1":{"name":"disconnectDB","decl":{"start":{"line":8,"column":22},"end":{"line":8,"column":34}},"loc":{"start":{"line":8,"column":34},"end":{"line":10,"column":1}}}},"branchMap":{},"s":{"0":7,"1":5,"2":7,"3":0,"4":7},"f":{"0":5,"1":0},"b":{}}
,"/home/driven/Documentos/Projects/projeto-drivenpass/src/config/envs.ts": {"path":"/home/driven/Documentos/Projects/projeto-drivenpass/src/config/envs.ts","statementMap":{"0":{"start":{"line":1,"column":0},"end":{"line":1,"column":28}},"1":{"start":{"line":2,"column":0},"end":{"line":2,"column":41}},"2":{"start":{"line":6,"column":4},"end":{"line":10,"column":14}},"3":{"start":{"line":12,"column":22},"end":{"line":12,"column":45}},"4":{"start":{"line":13,"column":2},"end":{"line":13,"column":35}},"5":{"start":{"line":4,"column":0},"end":{"line":4,"column":16}}},"fnMap":{"0":{"name":"loadEnv","decl":{"start":{"line":4,"column":16},"end":{"line":4,"column":23}},"loc":{"start":{"line":4,"column":23},"end":{"line":14,"column":1}}}},"branchMap":{"0":{"loc":{"start":{"line":6,"column":4},"end":{"line":10,"column":14}},"type":"cond-expr","locations":[{"start":{"line":7,"column":8},"end":{"line":7,"column":19}},{"start":{"line":8,"column":8},"end":{"line":10,"column":14}}]},"1":{"loc":{"start":{"line":8,"column":8},"end":{"line":10,"column":14}},"type":"cond-expr","locations":[{"start":{"line":9,"column":8},"end":{"line":9,"column":26}},{"start":{"line":10,"column":8},"end":{"line":10,"column":14}}]}},"s":{"0":7,"1":7,"2":12,"3":12,"4":12,"5":7},"f":{"0":12},"b":{"0":[12,0],"1":[0,0]}}
,"/home/driven/Documentos/Projects/projeto-drivenpass/src/config/index.ts": {"path":"/home/driven/Documentos/Projects/projeto-drivenpass/src/config/index.ts","statementMap":{"0":{"start":{"line":1,"column":0},"end":{"line":1,"column":23}},"1":{"start":{"line":2,"column":0},"end":{"line":2,"column":27}}},"fnMap":{},"branchMap":{},"s":{"0":7,"1":7},"f":{},"b":{}}
,"/home/driven/Documentos/Projects/projeto-drivenpass/src/controllers/authentication-controller.ts": {"path":"/home/driven/Documentos/Projects/projeto-drivenpass/src/controllers/authentication-controller.ts","statementMap":{"0":{"start":{"line":2,"column":0},"end":{"line":2,"column":37}},"1":{"start":{"line":3,"column":0},"end":{"line":3,"column":65}},"2":{"start":{"line":6,"column":30},"end":{"line":6,"column":54}},"3":{"start":{"line":8,"column":17},"end":{"line":8,"column":72}},"4":{"start":{"line":10,"column":2},"end":{"line":10,"column":48}},"5":{"start":{"line":5,"column":0},"end":{"line":5,"column":7}}},"fnMap":{"0":{"name":"singInPost","decl":{"start":{"line":5,"column":22},"end":{"line":5,"column":32}},"loc":{"start":{"line":5,"column":60},"end":{"line":11,"column":1}}}},"branchMap":{},"s":{"0":5,"1":5,"2":5,"3":5,"4":3,"5":5},"f":{"0":5},"b":{}}
,"/home/driven/Documentos/Projects/projeto-drivenpass/src/controllers/credential-controller.ts": {"path":"/home/driven/Documentos/Projects/projeto-drivenpass/src/controllers/credential-controller.ts","statementMap":{"0":{"start":{"line":2,"column":0},"end":{"line":2,"column":37}},"1":{"start":{"line":4,"column":0},"end":{"line":4,"column":88}},"2":{"start":{"line":8,"column":45},"end":{"line":8,"column":73}},"3":{"start":{"line":10,"column":21},"end":{"line":10,"column":24}},"4":{"start":{"line":12,"column":17},"end":{"line":12,"column":100}},"5":{"start":{"line":14,"column":2},"end":{"line":14,"column":48}},"6":{"start":{"line":7,"column":0},"end":{"line":7,"column":7}},"7":{"start":{"line":19,"column":21},"end":{"line":19,"column":24}},"8":{"start":{"line":21,"column":17},"end":{"line":21,"column":63}},"9":{"start":{"line":23,"column":2},"end":{"line":23,"column":48}},"10":{"start":{"line":17,"column":0},"end":{"line":17,"column":7}},"11":{"start":{"line":28,"column":21},"end":{"line":28,"column":24}},"12":{"start":{"line":30,"column":13},"end":{"line":30,"column":34}},"13":{"start":{"line":32,"column":17},"end":{"line":32,"column":70}},"14":{"start":{"line":34,"column":2},"end":{"line":34,"column":48}},"15":{"start":{"line":26,"column":0},"end":{"line":26,"column":7}},"16":{"start":{"line":39,"column":21},"end":{"line":39,"column":24}},"17":{"start":{"line":41,"column":13},"end":{"line":41,"column":34}},"18":{"start":{"line":43,"column":17},"end":{"line":43,"column":73}},"19":{"start":{"line":45,"column":2},"end":{"line":45,"column":48}},"20":{"start":{"line":37,"column":0},"end":{"line":37,"column":7}}},"fnMap":{"0":{"name":"credentialCreate","decl":{"start":{"line":7,"column":22},"end":{"line":7,"column":38}},"loc":{"start":{"line":7,"column":79},"end":{"line":15,"column":1}}},"1":{"name":"getCredencials","decl":{"start":{"line":17,"column":22},"end":{"line":17,"column":36}},"loc":{"start":{"line":17,"column":77},"end":{"line":24,"column":1}}},"2":{"name":"getCredencialById","decl":{"start":{"line":26,"column":22},"end":{"line":26,"column":39}},"loc":{"start":{"line":26,"column":80},"end":{"line":35,"column":1}}},"3":{"name":"deleteCredencialById","decl":{"start":{"line":37,"column":22},"end":{"line":37,"column":42}},"loc":{"start":{"line":37,"column":83},"end":{"line":46,"column":1}}}},"branchMap":{},"s":{"0":5,"1":5,"2":0,"3":0,"4":0,"5":0,"6":5,"7":0,"8":0,"9":0,"10":5,"11":0,"12":0,"13":0,"14":0,"15":5,"16":0,"17":0,"18":0,"19":0,"20":5},"f":{"0":0,"1":0,"2":0,"3":0},"b":{}}
,"/home/driven/Documentos/Projects/projeto-drivenpass/src/controllers/index.ts": {"path":"/home/driven/Documentos/Projects/projeto-drivenpass/src/controllers/index.ts","statementMap":{"0":{"start":{"line":1,"column":0},"end":{"line":1,"column":35}},"1":{"start":{"line":2,"column":0},"end":{"line":2,"column":44}},"2":{"start":{"line":3,"column":0},"end":{"line":3,"column":40}},"3":{"start":{"line":4,"column":0},"end":{"line":4,"column":37}}},"fnMap":{},"branchMap":{},"s":{"0":5,"1":5,"2":5,"3":5},"f":{},"b":{}}
,"/home/driven/Documentos/Projects/projeto-drivenpass/src/controllers/network-controller.ts": {"path":"/home/driven/Documentos/Projects/projeto-drivenpass/src/controllers/network-controller.ts","statementMap":{"0":{"start":{"line":2,"column":0},"end":{"line":2,"column":37}},"1":{"start":{"line":4,"column":0},"end":{"line":4,"column":82}},"2":{"start":{"line":8,"column":39},"end":{"line":8,"column":64}},"3":{"start":{"line":10,"column":21},"end":{"line":10,"column":24}},"4":{"start":{"line":12,"column":17},"end":{"line":12,"column":88}},"5":{"start":{"line":14,"column":2},"end":{"line":14,"column":48}},"6":{"start":{"line":7,"column":0},"end":{"line":7,"column":7}},"7":{"start":{"line":19,"column":21},"end":{"line":19,"column":24}},"8":{"start":{"line":21,"column":17},"end":{"line":21,"column":57}},"9":{"start":{"line":23,"column":2},"end":{"line":23,"column":48}},"10":{"start":{"line":17,"column":0},"end":{"line":17,"column":7}},"11":{"start":{"line":28,"column":21},"end":{"line":28,"column":24}},"12":{"start":{"line":30,"column":13},"end":{"line":30,"column":34}},"13":{"start":{"line":32,"column":17},"end":{"line":32,"column":64}},"14":{"start":{"line":34,"column":2},"end":{"line":34,"column":48}},"15":{"start":{"line":26,"column":0},"end":{"line":26,"column":7}},"16":{"start":{"line":39,"column":21},"end":{"line":39,"column":24}},"17":{"start":{"line":41,"column":13},"end":{"line":41,"column":34}},"18":{"start":{"line":43,"column":17},"end":{"line":43,"column":67}},"19":{"start":{"line":45,"column":2},"end":{"line":45,"column":48}},"20":{"start":{"line":37,"column":0},"end":{"line":37,"column":7}}},"fnMap":{"0":{"name":"networkCreate","decl":{"start":{"line":7,"column":22},"end":{"line":7,"column":35}},"loc":{"start":{"line":7,"column":76},"end":{"line":15,"column":1}}},"1":{"name":"getNetworks","decl":{"start":{"line":17,"column":22},"end":{"line":17,"column":33}},"loc":{"start":{"line":17,"column":74},"end":{"line":24,"column":1}}},"2":{"name":"getNetworkById","decl":{"start":{"line":26,"column":22},"end":{"line":26,"column":36}},"loc":{"start":{"line":26,"column":77},"end":{"line":35,"column":1}}},"3":{"name":"deleteNetworkById","decl":{"start":{"line":37,"column":22},"end":{"line":37,"column":39}},"loc":{"start":{"line":37,"column":80},"end":{"line":46,"column":1}}}},"branchMap":{},"s":{"0":5,"1":5,"2":0,"3":0,"4":0,"5":0,"6":5,"7":0,"8":0,"9":0,"10":5,"11":0,"12":0,"13":0,"14":0,"15":5,"16":0,"17":0,"18":0,"19":0,"20":5},"f":{"0":0,"1":0,"2":0,"3":0},"b":{}}
,"/home/driven/Documentos/Projects/projeto-drivenpass/src/controllers/users-controller.ts": {"path":"/home/driven/Documentos/Projects/projeto-drivenpass/src/controllers/users-controller.ts","statementMap":{"0":{"start":{"line":2,"column":0},"end":{"line":2,"column":37}},"1":{"start":{"line":3,"column":0},"end":{"line":3,"column":42}},"2":{"start":{"line":6,"column":30},"end":{"line":6,"column":38}},"3":{"start":{"line":8,"column":15},"end":{"line":8,"column":64}},"4":{"start":{"line":10,"column":2},"end":{"line":13,"column":5}},"5":{"start":{"line":5,"column":0},"end":{"line":5,"column":7}}},"fnMap":{"0":{"name":"usersPost","decl":{"start":{"line":5,"column":22},"end":{"line":5,"column":31}},"loc":{"start":{"line":5,"column":59},"end":{"line":14,"column":1}}}},"branchMap":{},"s":{"0":5,"1":5,"2":4,"3":4,"4":3,"5":5},"f":{"0":4},"b":{}}
,"/home/driven/Documentos/Projects/projeto-drivenpass/src/errors/cannot-enroll-before-start-date-error.ts": {"path":"/home/driven/Documentos/Projects/projeto-drivenpass/src/errors/cannot-enroll-before-start-date-error.ts","statementMap":{"0":{"start":{"line":4,"column":2},"end":{"line":7,"column":4}},"1":{"start":{"line":3,"column":0},"end":{"line":3,"column":16}}},"fnMap":{"0":{"name":"cannotEnrollBeforeStartDateError","decl":{"start":{"line":3,"column":16},"end":{"line":3,"column":48}},"loc":{"start":{"line":3,"column":48},"end":{"line":8,"column":1}}}},"branchMap":{},"s":{"0":0,"1":5},"f":{"0":0},"b":{}}
,"/home/driven/Documentos/Projects/projeto-drivenpass/src/errors/conflict-error.ts": {"path":"/home/driven/Documentos/Projects/projeto-drivenpass/src/errors/conflict-error.ts","statementMap":{"0":{"start":{"line":4,"column":2},"end":{"line":7,"column":4}},"1":{"start":{"line":3,"column":0},"end":{"line":3,"column":16}}},"fnMap":{"0":{"name":"conflictError","decl":{"start":{"line":3,"column":16},"end":{"line":3,"column":29}},"loc":{"start":{"line":3,"column":45},"end":{"line":8,"column":1}}}},"branchMap":{},"s":{"0":0,"1":5},"f":{"0":0},"b":{}}
,"/home/driven/Documentos/Projects/projeto-drivenpass/src/errors/duplicate-email-error.ts": {"path":"/home/driven/Documentos/Projects/projeto-drivenpass/src/errors/duplicate-email-error.ts","statementMap":{"0":{"start":{"line":4,"column":2},"end":{"line":7,"column":4}},"1":{"start":{"line":3,"column":0},"end":{"line":3,"column":16}}},"fnMap":{"0":{"name":"duplicatedEmailError","decl":{"start":{"line":3,"column":16},"end":{"line":3,"column":36}},"loc":{"start":{"line":3,"column":36},"end":{"line":8,"column":1}}}},"branchMap":{},"s":{"0":4,"1":5},"f":{"0":4},"b":{}}
,"/home/driven/Documentos/Projects/projeto-drivenpass/src/errors/duplicate-title-error.ts": {"path":"/home/driven/Documentos/Projects/projeto-drivenpass/src/errors/duplicate-title-error.ts","statementMap":{"0":{"start":{"line":4,"column":2},"end":{"line":7,"column":4}},"1":{"start":{"line":3,"column":0},"end":{"line":3,"column":16}}},"fnMap":{"0":{"name":"duplicatedTitleError","decl":{"start":{"line":3,"column":16},"end":{"line":3,"column":36}},"loc":{"start":{"line":3,"column":36},"end":{"line":8,"column":1}}}},"branchMap":{},"s":{"0":0,"1":5},"f":{"0":0},"b":{}}
,"/home/driven/Documentos/Projects/projeto-drivenpass/src/errors/forbidden-error.ts": {"path":"/home/driven/Documentos/Projects/projeto-drivenpass/src/errors/forbidden-error.ts","statementMap":{"0":{"start":{"line":4,"column":2},"end":{"line":7,"column":4}},"1":{"start":{"line":3,"column":0},"end":{"line":3,"column":16}}},"fnMap":{"0":{"name":"forbiddenError","decl":{"start":{"line":3,"column":16},"end":{"line":3,"column":30}},"loc":{"start":{"line":3,"column":30},"end":{"line":8,"column":1}}}},"branchMap":{},"s":{"0":0,"1":5},"f":{"0":0},"b":{}}
,"/home/driven/Documentos/Projects/projeto-drivenpass/src/errors/index.ts": {"path":"/home/driven/Documentos/Projects/projeto-drivenpass/src/errors/index.ts","statementMap":{"0":{"start":{"line":1,"column":0},"end":{"line":1,"column":56}},"1":{"start":{"line":2,"column":0},"end":{"line":2,"column":33}},"2":{"start":{"line":3,"column":0},"end":{"line":3,"column":37}},"3":{"start":{"line":4,"column":0},"end":{"line":4,"column":38}},"4":{"start":{"line":5,"column":0},"end":{"line":5,"column":34}},"5":{"start":{"line":6,"column":0},"end":{"line":6,"column":37}},"6":{"start":{"line":7,"column":0},"end":{"line":7,"column":32}},"7":{"start":{"line":8,"column":0},"end":{"line":8,"column":44}},"8":{"start":{"line":9,"column":0},"end":{"line":9,"column":45}},"9":{"start":{"line":10,"column":0},"end":{"line":10,"column":40}},"10":{"start":{"line":11,"column":0},"end":{"line":11,"column":40}},"11":{"start":{"line":12,"column":0},"end":{"line":12,"column":34}}},"fnMap":{},"branchMap":{},"s":{"0":5,"1":5,"2":5,"3":5,"4":5,"5":5,"6":5,"7":5,"8":5,"9":5,"10":5,"11":5},"f":{},"b":{}}
,"/home/driven/Documentos/Projects/projeto-drivenpass/src/errors/invalid-credentials-access.ts": {"path":"/home/driven/Documentos/Projects/projeto-drivenpass/src/errors/invalid-credentials-access.ts","statementMap":{"0":{"start":{"line":4,"column":2},"end":{"line":7,"column":4}},"1":{"start":{"line":3,"column":0},"end":{"line":3,"column":16}}},"fnMap":{"0":{"name":"invalidCredentialsAccess","decl":{"start":{"line":3,"column":16},"end":{"line":3,"column":40}},"loc":{"start":{"line":3,"column":40},"end":{"line":8,"column":1}}}},"branchMap":{},"s":{"0":0,"1":5},"f":{"0":0},"b":{}}
,"/home/driven/Documentos/Projects/projeto-drivenpass/src/errors/invalid-credentials-error.ts": {"path":"/home/driven/Documentos/Projects/projeto-drivenpass/src/errors/invalid-credentials-error.ts","statementMap":{"0":{"start":{"line":4,"column":2},"end":{"line":7,"column":4}},"1":{"start":{"line":3,"column":0},"end":{"line":3,"column":16}}},"fnMap":{"0":{"name":"invalidCredentialsError","decl":{"start":{"line":3,"column":16},"end":{"line":3,"column":39}},"loc":{"start":{"line":3,"column":39},"end":{"line":8,"column":1}}}},"branchMap":{},"s":{"0":6,"1":5},"f":{"0":6},"b":{}}
,"/home/driven/Documentos/Projects/projeto-drivenpass/src/errors/invalid-data-error.ts": {"path":"/home/driven/Documentos/Projects/projeto-drivenpass/src/errors/invalid-data-error.ts","statementMap":{"0":{"start":{"line":4,"column":2},"end":{"line":7,"column":4}},"1":{"start":{"line":3,"column":0},"end":{"line":3,"column":16}}},"fnMap":{"0":{"name":"invalidDataError","decl":{"start":{"line":3,"column":16},"end":{"line":3,"column":32}},"loc":{"start":{"line":3,"column":48},"end":{"line":8,"column":1}}}},"branchMap":{},"s":{"0":4,"1":5},"f":{"0":4},"b":{}}
,"/home/driven/Documentos/Projects/projeto-drivenpass/src/errors/invalid-email-error.ts": {"path":"/home/driven/Documentos/Projects/projeto-drivenpass/src/errors/invalid-email-error.ts","statementMap":{"0":{"start":{"line":4,"column":2},"end":{"line":8,"column":4}},"1":{"start":{"line":3,"column":0},"end":{"line":3,"column":16}}},"fnMap":{"0":{"name":"invalidEmailError","decl":{"start":{"line":3,"column":16},"end":{"line":3,"column":33}},"loc":{"start":{"line":3,"column":47},"end":{"line":9,"column":1}}}},"branchMap":{},"s":{"0":0,"1":5},"f":{"0":0},"b":{}}
,"/home/driven/Documentos/Projects/projeto-drivenpass/src/errors/not-found-error.ts": {"path":"/home/driven/Documentos/Projects/projeto-drivenpass/src/errors/not-found-error.ts","statementMap":{"0":{"start":{"line":4,"column":2},"end":{"line":7,"column":4}},"1":{"start":{"line":3,"column":0},"end":{"line":3,"column":16}}},"fnMap":{"0":{"name":"notFoundError","decl":{"start":{"line":3,"column":16},"end":{"line":3,"column":29}},"loc":{"start":{"line":3,"column":29},"end":{"line":8,"column":1}}}},"branchMap":{},"s":{"0":0,"1":5},"f":{"0":0},"b":{}}
,"/home/driven/Documentos/Projects/projeto-drivenpass/src/errors/request-error.ts": {"path":"/home/driven/Documentos/Projects/projeto-drivenpass/src/errors/request-error.ts","statementMap":{"0":{"start":{"line":4,"column":2},"end":{"line":10,"column":4}},"1":{"start":{"line":3,"column":0},"end":{"line":3,"column":16}}},"fnMap":{"0":{"name":"requestError","decl":{"start":{"line":3,"column":16},"end":{"line":3,"column":28}},"loc":{"start":{"line":3,"column":63},"end":{"line":11,"column":1}}}},"branchMap":{},"s":{"0":0,"1":5},"f":{"0":0},"b":{}}
,"/home/driven/Documentos/Projects/projeto-drivenpass/src/errors/unauthorized-error.ts": {"path":"/home/driven/Documentos/Projects/projeto-drivenpass/src/errors/unauthorized-error.ts","statementMap":{"0":{"start":{"line":4,"column":2},"end":{"line":7,"column":4}},"1":{"start":{"line":3,"column":0},"end":{"line":3,"column":16}}},"fnMap":{"0":{"name":"unauthorizedError","decl":{"start":{"line":3,"column":16},"end":{"line":3,"column":33}},"loc":{"start":{"line":3,"column":33},"end":{"line":8,"column":1}}}},"branchMap":{},"s":{"0":4,"1":5},"f":{"0":4},"b":{}}
,"/home/driven/Documentos/Projects/projeto-drivenpass/src/middlewares/authentication-middleware.ts": {"path":"/home/driven/Documentos/Projects/projeto-drivenpass/src/middlewares/authentication-middleware.ts","statementMap":{"0":{"start":{"line":2,"column":0},"end":{"line":2,"column":36}},"1":{"start":{"line":3,"column":0},"end":{"line":3,"column":45}},"2":{"start":{"line":4,"column":0},"end":{"line":4,"column":58}},"3":{"start":{"line":7,"column":21},"end":{"line":7,"column":48}},"4":{"start":{"line":8,"column":2},"end":{"line":8,"column":45}},"5":{"start":{"line":8,"column":19},"end":{"line":8,"column":45}},"6":{"start":{"line":10,"column":16},"end":{"line":10,"column":40}},"7":{"start":{"line":11,"column":2},"end":{"line":11,"column":40}},"8":{"start":{"line":11,"column":14},"end":{"line":11,"column":40}},"9":{"start":{"line":13,"column":21},"end":{"line":13,"column":76}},"10":{"start":{"line":15,"column":18},"end":{"line":15,"column":67}},"11":{"start":{"line":16,"column":2},"end":{"line":16,"column":42}},"12":{"start":{"line":16,"column":16},"end":{"line":16,"column":42}},"13":{"start":{"line":18,"column":2},"end":{"line":18,"column":22}},"14":{"start":{"line":19,"column":2},"end":{"line":19,"column":9}},"15":{"start":{"line":6,"column":0},"end":{"line":6,"column":7}}},"fnMap":{"0":{"name":"authenticateToken","decl":{"start":{"line":6,"column":22},"end":{"line":6,"column":39}},"loc":{"start":{"line":6,"column":100},"end":{"line":20,"column":1}}}},"branchMap":{"0":{"loc":{"start":{"line":8,"column":2},"end":{"line":8,"column":45}},"type":"if","locations":[{"start":{"line":8,"column":2},"end":{"line":8,"column":45}}]},"1":{"loc":{"start":{"line":11,"column":2},"end":{"line":11,"column":40}},"type":"if","locations":[{"start":{"line":11,"column":2},"end":{"line":11,"column":40}}]},"2":{"loc":{"start":{"line":16,"column":2},"end":{"line":16,"column":42}},"type":"if","locations":[{"start":{"line":16,"column":2},"end":{"line":16,"column":42}}]}},"s":{"0":5,"1":5,"2":5,"3":6,"4":6,"5":2,"6":4,"7":4,"8":1,"9":3,"10":2,"11":2,"12":1,"13":1,"14":1,"15":5},"f":{"0":6},"b":{"0":[2],"1":[1],"2":[1]}}
,"/home/driven/Documentos/Projects/projeto-drivenpass/src/middlewares/error-handling-middleware.ts": {"path":"/home/driven/Documentos/Projects/projeto-drivenpass/src/middlewares/error-handling-middleware.ts","statementMap":{"0":{"start":{"line":2,"column":0},"end":{"line":2,"column":37}},"1":{"start":{"line":11,"column":2},"end":{"line":15,"column":3}},"2":{"start":{"line":12,"column":4},"end":{"line":14,"column":7}},"3":{"start":{"line":17,"column":2},"end":{"line":21,"column":3}},"4":{"start":{"line":18,"column":4},"end":{"line":20,"column":7}},"5":{"start":{"line":23,"column":2},"end":{"line":27,"column":3}},"6":{"start":{"line":24,"column":4},"end":{"line":26,"column":7}},"7":{"start":{"line":29,"column":2},"end":{"line":33,"column":3}},"8":{"start":{"line":30,"column":4},"end":{"line":32,"column":7}},"9":{"start":{"line":35,"column":2},"end":{"line":39,"column":3}},"10":{"start":{"line":36,"column":4},"end":{"line":38,"column":7}},"11":{"start":{"line":41,"column":2},"end":{"line":45,"column":3}},"12":{"start":{"line":42,"column":4},"end":{"line":44,"column":7}},"13":{"start":{"line":47,"column":2},"end":{"line":51,"column":3}},"14":{"start":{"line":48,"column":4},"end":{"line":50,"column":7}},"15":{"start":{"line":53,"column":2},"end":{"line":57,"column":3}},"16":{"start":{"line":54,"column":4},"end":{"line":56,"column":7}},"17":{"start":{"line":59,"column":2},"end":{"line":63,"column":3}},"18":{"start":{"line":60,"column":4},"end":{"line":62,"column":7}},"19":{"start":{"line":65,"column":2},"end":{"line":67,"column":3}},"20":{"start":{"line":66,"column":4},"end":{"line":66,"column":69}},"21":{"start":{"line":69,"column":2},"end":{"line":73,"column":3}},"22":{"start":{"line":70,"column":4},"end":{"line":72,"column":7}},"23":{"start":{"line":75,"column":2},"end":{"line":77,"column":3}},"24":{"start":{"line":76,"column":4},"end":{"line":76,"column":62}},"25":{"start":{"line":80,"column":2},"end":{"line":80,"column":21}},"26":{"start":{"line":81,"column":2},"end":{"line":84,"column":5}},"27":{"start":{"line":5,"column":0},"end":{"line":5,"column":16}}},"fnMap":{"0":{"name":"handleApplicationErrors","decl":{"start":{"line":5,"column":16},"end":{"line":5,"column":39}},"loc":{"start":{"line":9,"column":20},"end":{"line":85,"column":1}}}},"branchMap":{"0":{"loc":{"start":{"line":11,"column":2},"end":{"line":15,"column":3}},"type":"if","locations":[{"start":{"line":11,"column":2},"end":{"line":15,"column":3}}]},"1":{"loc":{"start":{"line":17,"column":2},"end":{"line":21,"column":3}},"type":"if","locations":[{"start":{"line":17,"column":2},"end":{"line":21,"column":3}}]},"2":{"loc":{"start":{"line":17,"column":6},"end":{"line":17,"column":73}},"type":"binary-expr","locations":[{"start":{"line":17,"column":6},"end":{"line":17,"column":34}},{"start":{"line":17,"column":38},"end":{"line":17,"column":73}}]},"3":{"loc":{"start":{"line":23,"column":2},"end":{"line":27,"column":3}},"type":"if","locations":[{"start":{"line":23,"column":2},"end":{"line":27,"column":3}}]},"4":{"loc":{"start":{"line":23,"column":6},"end":{"line":23,"column":80}},"type":"binary-expr","locations":[{"start":{"line":23,"column":6},"end":{"line":23,"column":44}},{"start":{"line":23,"column":48},"end":{"line":23,"column":80}}]},"5":{"loc":{"start":{"line":29,"column":2},"end":{"line":33,"column":3}},"type":"if","locations":[{"start":{"line":29,"column":2},"end":{"line":33,"column":3}}]},"6":{"loc":{"start":{"line":29,"column":6},"end":{"line":29,"column":81}},"type":"binary-expr","locations":[{"start":{"line":29,"column":6},"end":{"line":29,"column":45}},{"start":{"line":29,"column":49},"end":{"line":29,"column":81}}]},"7":{"loc":{"start":{"line":35,"column":2},"end":{"line":39,"column":3}},"type":"if","locations":[{"start":{"line":35,"column":2},"end":{"line":39,"column":3}}]},"8":{"loc":{"start":{"line":35,"column":6},"end":{"line":35,"column":71}},"type":"binary-expr","locations":[{"start":{"line":35,"column":6},"end":{"line":35,"column":37}},{"start":{"line":35,"column":41},"end":{"line":35,"column":71}}]},"9":{"loc":{"start":{"line":41,"column":2},"end":{"line":45,"column":3}},"type":"if","locations":[{"start":{"line":41,"column":2},"end":{"line":45,"column":3}}]},"10":{"loc":{"start":{"line":47,"column":2},"end":{"line":51,"column":3}},"type":"if","locations":[{"start":{"line":47,"column":2},"end":{"line":51,"column":3}}]},"11":{"loc":{"start":{"line":53,"column":2},"end":{"line":57,"column":3}},"type":"if","locations":[{"start":{"line":53,"column":2},"end":{"line":57,"column":3}}]},"12":{"loc":{"start":{"line":59,"column":2},"end":{"line":63,"column":3}},"type":"if","locations":[{"start":{"line":59,"column":2},"end":{"line":63,"column":3}}]},"13":{"loc":{"start":{"line":65,"column":2},"end":{"line":67,"column":3}},"type":"if","locations":[{"start":{"line":65,"column":2},"end":{"line":67,"column":3}}]},"14":{"loc":{"start":{"line":69,"column":2},"end":{"line":73,"column":3}},"type":"if","locations":[{"start":{"line":69,"column":2},"end":{"line":73,"column":3}}]},"15":{"loc":{"start":{"line":69,"column":6},"end":{"line":69,"column":65}},"type":"binary-expr","locations":[{"start":{"line":69,"column":6},"end":{"line":69,"column":34}},{"start":{"line":69,"column":38},"end":{"line":69,"column":65}}]},"16":{"loc":{"start":{"line":75,"column":2},"end":{"line":77,"column":3}},"type":"if","locations":[{"start":{"line":75,"column":2},"end":{"line":77,"column":3}}]}},"s":{"0":5,"1":12,"2":0,"3":12,"4":1,"5":11,"6":3,"7":8,"8":0,"9":8,"10":4,"11":4,"12":0,"13":4,"14":0,"15":4,"16":0,"17":4,"18":4,"19":0,"20":0,"21":0,"22":0,"23":0,"24":0,"25":0,"26":0,"27":5},"f":{"0":12},"b":{"0":[0],"1":[1],"2":[12,12],"3":[3],"4":[11,9],"5":[0],"6":[8,8],"7":[4],"8":[8,4],"9":[0],"10":[0],"11":[0],"12":[4],"13":[0],"14":[0],"15":[0,0],"16":[0]}}
,"/home/driven/Documentos/Projects/projeto-drivenpass/src/middlewares/index.ts": {"path":"/home/driven/Documentos/Projects/projeto-drivenpass/src/middlewares/index.ts","statementMap":{"0":{"start":{"line":1,"column":0},"end":{"line":1,"column":44}},"1":{"start":{"line":2,"column":0},"end":{"line":2,"column":40}},"2":{"start":{"line":3,"column":0},"end":{"line":3,"column":44}}},"fnMap":{},"branchMap":{},"s":{"0":5,"1":5,"2":5},"f":{},"b":{}}
,"/home/driven/Documentos/Projects/projeto-drivenpass/src/middlewares/validation-middleware.ts": {"path":"/home/driven/Documentos/Projects/projeto-drivenpass/src/middlewares/validation-middleware.ts","statementMap":{"0":{"start":{"line":3,"column":0},"end":{"line":3,"column":44}},"1":{"start":{"line":6,"column":2},"end":{"line":6,"column":34}},"2":{"start":{"line":5,"column":0},"end":{"line":5,"column":16}},"3":{"start":{"line":10,"column":2},"end":{"line":10,"column":36}},"4":{"start":{"line":9,"column":0},"end":{"line":9,"column":16}},"5":{"start":{"line":14,"column":2},"end":{"line":26,"column":4}},"6":{"start":{"line":15,"column":22},"end":{"line":17,"column":6}},"7":{"start":{"line":19,"column":4},"end":{"line":25,"column":5}},"8":{"start":{"line":20,"column":6},"end":{"line":20,"column":13}},"9":{"start":{"line":22,"column":25},"end":{"line":22,"column":27}},"10":{"start":{"line":23,"column":6},"end":{"line":23,"column":70}},"11":{"start":{"line":23,"column":36},"end":{"line":23,"column":67}},"12":{"start":{"line":24,"column":6},"end":{"line":24,"column":43}}},"fnMap":{"0":{"name":"validateBody","decl":{"start":{"line":5,"column":16},"end":{"line":5,"column":28}},"loc":{"start":{"line":5,"column":55},"end":{"line":7,"column":1}}},"1":{"name":"validateParams","decl":{"start":{"line":9,"column":16},"end":{"line":9,"column":30}},"loc":{"start":{"line":9,"column":57},"end":{"line":11,"column":1}}},"2":{"name":"validate","decl":{"start":{"line":13,"column":9},"end":{"line":13,"column":17}},"loc":{"start":{"line":13,"column":63},"end":{"line":27,"column":1}}},"3":{"name":"(anonymous_3)","decl":{"start":{"line":14,"column":9},"end":{"line":14,"column":10}},"loc":{"start":{"line":14,"column":61},"end":{"line":26,"column":3}}},"4":{"name":"(anonymous_4)","decl":{"start":{"line":23,"column":28},"end":{"line":23,"column":29}},"loc":{"start":{"line":23,"column":36},"end":{"line":23,"column":67}}}},"branchMap":{"0":{"loc":{"start":{"line":19,"column":4},"end":{"line":25,"column":5}},"type":"if","locations":[{"start":{"line":19,"column":4},"end":{"line":25,"column":5}},{"start":{"line":21,"column":11},"end":{"line":25,"column":5}}]}},"s":{"0":5,"1":20,"2":5,"3":0,"4":5,"5":20,"6":13,"7":13,"8":9,"9":4,"10":4,"11":10,"12":4},"f":{"0":20,"1":0,"2":20,"3":13,"4":10},"b":{"0":[9,4]}}
,"/home/driven/Documentos/Projects/projeto-drivenpass/src/repositories/authentication-repository.ts": {"path":"/home/driven/Documentos/Projects/projeto-drivenpass/src/repositories/authentication-repository.ts","statementMap":{"0":{"start":{"line":2,"column":0},"end":{"line":2,"column":34}},"1":{"start":{"line":5,"column":2},"end":{"line":7,"column":5}},"2":{"start":{"line":12,"column":2},"end":{"line":16,"column":7}},"3":{"start":{"line":20,"column":13},"end":{"line":23,"column":2}}},"fnMap":{"0":{"name":"createSession","decl":{"start":{"line":4,"column":15},"end":{"line":4,"column":28}},"loc":{"start":{"line":4,"column":69},"end":{"line":8,"column":1}}},"1":{"name":"findSession","decl":{"start":{"line":11,"column":15},"end":{"line":11,"column":26}},"loc":{"start":{"line":11,"column":40},"end":{"line":17,"column":1}}}},"branchMap":{},"s":{"0":5,"1":5,"2":2,"3":5},"f":{"0":5,"1":2},"b":{}}
,"/home/driven/Documentos/Projects/projeto-drivenpass/src/repositories/credential-repository.ts": {"path":"/home/driven/Documentos/Projects/projeto-drivenpass/src/repositories/credential-repository.ts","statementMap":{"0":{"start":{"line":2,"column":0},"end":{"line":2,"column":35}},"1":{"start":{"line":5,"column":48},"end":{"line":10,"column":4}},"2":{"start":{"line":12,"column":2},"end":{"line":12,"column":45}},"3":{"start":{"line":16,"column":2},"end":{"line":18,"column":5}},"4":{"start":{"line":22,"column":48},"end":{"line":26,"column":4}},"5":{"start":{"line":28,"column":2},"end":{"line":28,"column":44}},"6":{"start":{"line":32,"column":57},"end":{"line":36,"column":4}},"7":{"start":{"line":37,"column":2},"end":{"line":37,"column":46}},"8":{"start":{"line":41,"column":46},"end":{"line":45,"column":4}},"9":{"start":{"line":46,"column":2},"end":{"line":46,"column":42}},"10":{"start":{"line":49,"column":13},"end":{"line":55,"column":2}}},"fnMap":{"0":{"name":"findByUsernameAndTitle","decl":{"start":{"line":4,"column":15},"end":{"line":4,"column":37}},"loc":{"start":{"line":4,"column":69},"end":{"line":13,"column":1}}},"1":{"name":"create","decl":{"start":{"line":15,"column":15},"end":{"line":15,"column":21}},"loc":{"start":{"line":15,"column":65},"end":{"line":19,"column":1}}},"2":{"name":"findCredentials","decl":{"start":{"line":21,"column":15},"end":{"line":21,"column":30}},"loc":{"start":{"line":21,"column":45},"end":{"line":29,"column":1}}},"3":{"name":"findCredentialById","decl":{"start":{"line":31,"column":15},"end":{"line":31,"column":33}},"loc":{"start":{"line":31,"column":78},"end":{"line":38,"column":1}}},"4":{"name":"deleteCredentialById","decl":{"start":{"line":40,"column":15},"end":{"line":40,"column":35}},"loc":{"start":{"line":40,"column":46},"end":{"line":47,"column":1}}}},"branchMap":{},"s":{"0":5,"1":0,"2":0,"3":0,"4":0,"5":0,"6":0,"7":0,"8":0,"9":0,"10":5},"f":{"0":0,"1":0,"2":0,"3":0,"4":0},"b":{}}
,"/home/driven/Documentos/Projects/projeto-drivenpass/src/repositories/index.ts": {"path":"/home/driven/Documentos/Projects/projeto-drivenpass/src/repositories/index.ts","statementMap":{"0":{"start":{"line":1,"column":0},"end":{"line":1,"column":44}},"1":{"start":{"line":2,"column":0},"end":{"line":2,"column":35}},"2":{"start":{"line":3,"column":0},"end":{"line":3,"column":40}},"3":{"start":{"line":4,"column":0},"end":{"line":4,"column":37}}},"fnMap":{},"branchMap":{},"s":{"0":5,"1":5,"2":5,"3":5},"f":{},"b":{}}
,"/home/driven/Documentos/Projects/projeto-drivenpass/src/repositories/network-repository.ts": {"path":"/home/driven/Documentos/Projects/projeto-drivenpass/src/repositories/network-repository.ts","statementMap":{"0":{"start":{"line":2,"column":0},"end":{"line":2,"column":35}},"1":{"start":{"line":5,"column":45},"end":{"line":10,"column":4}},"2":{"start":{"line":12,"column":2},"end":{"line":12,"column":42}},"3":{"start":{"line":16,"column":2},"end":{"line":18,"column":5}},"4":{"start":{"line":22,"column":45},"end":{"line":26,"column":4}},"5":{"start":{"line":28,"column":2},"end":{"line":28,"column":41}},"6":{"start":{"line":32,"column":54},"end":{"line":36,"column":4}},"7":{"start":{"line":37,"column":2},"end":{"line":37,"column":43}},"8":{"start":{"line":41,"column":43},"end":{"line":45,"column":4}},"9":{"start":{"line":46,"column":2},"end":{"line":46,"column":39}},"10":{"start":{"line":49,"column":13},"end":{"line":55,"column":2}}},"fnMap":{"0":{"name":"findByNetworkAndTitle","decl":{"start":{"line":4,"column":15},"end":{"line":4,"column":36}},"loc":{"start":{"line":4,"column":67},"end":{"line":13,"column":1}}},"1":{"name":"create","decl":{"start":{"line":15,"column":15},"end":{"line":15,"column":21}},"loc":{"start":{"line":15,"column":62},"end":{"line":19,"column":1}}},"2":{"name":"findNetworks","decl":{"start":{"line":21,"column":15},"end":{"line":21,"column":27}},"loc":{"start":{"line":21,"column":42},"end":{"line":29,"column":1}}},"3":{"name":"findNetworkById","decl":{"start":{"line":31,"column":15},"end":{"line":31,"column":30}},"loc":{"start":{"line":31,"column":75},"end":{"line":38,"column":1}}},"4":{"name":"deleteNetworkById","decl":{"start":{"line":40,"column":15},"end":{"line":40,"column":32}},"loc":{"start":{"line":40,"column":43},"end":{"line":47,"column":1}}}},"branchMap":{},"s":{"0":5,"1":0,"2":0,"3":0,"4":0,"5":0,"6":0,"7":0,"8":0,"9":0,"10":5},"f":{"0":0,"1":0,"2":0,"3":0,"4":0},"b":{}}
,"/home/driven/Documentos/Projects/projeto-drivenpass/src/repositories/users-repository.ts": {"path":"/home/driven/Documentos/Projects/projeto-drivenpass/src/repositories/users-repository.ts","statementMap":{"0":{"start":{"line":2,"column":0},"end":{"line":2,"column":35}},"1":{"start":{"line":5,"column":44},"end":{"line":9,"column":4}},"2":{"start":{"line":11,"column":2},"end":{"line":13,"column":3}},"3":{"start":{"line":12,"column":4},"end":{"line":12,"column":27}},"4":{"start":{"line":15,"column":2},"end":{"line":15,"column":40}},"5":{"start":{"line":19,"column":2},"end":{"line":21,"column":5}},"6":{"start":{"line":24,"column":13},"end":{"line":27,"column":2}}},"fnMap":{"0":{"name":"findByEmail","decl":{"start":{"line":4,"column":15},"end":{"line":4,"column":26}},"loc":{"start":{"line":4,"column":68},"end":{"line":16,"column":1}}},"1":{"name":"create","decl":{"start":{"line":18,"column":15},"end":{"line":18,"column":21}},"loc":{"start":{"line":18,"column":59},"end":{"line":22,"column":1}}}},"branchMap":{"0":{"loc":{"start":{"line":11,"column":2},"end":{"line":13,"column":3}},"type":"if","locations":[{"start":{"line":11,"column":2},"end":{"line":13,"column":3}}]}},"s":{"0":5,"1":16,"2":16,"3":9,"4":16,"5":5,"6":5},"f":{"0":16,"1":5},"b":{"0":[9]}}
,"/home/driven/Documentos/Projects/projeto-drivenpass/src/routers/authentication-router.ts": {"path":"/home/driven/Documentos/Projects/projeto-drivenpass/src/routers/authentication-router.ts","statementMap":{"0":{"start":{"line":1,"column":0},"end":{"line":1,"column":33}},"1":{"start":{"line":2,"column":0},"end":{"line":2,"column":44}},"2":{"start":{"line":3,"column":0},"end":{"line":3,"column":46}},"3":{"start":{"line":4,"column":0},"end":{"line":4,"column":42}},"4":{"start":{"line":6,"column":29},"end":{"line":6,"column":37}},"5":{"start":{"line":10,"column":9},"end":{"line":10,"column":29}},"6":{"start":{"line":8,"column":0},"end":{"line":8,"column":78}}},"fnMap":{},"branchMap":{},"s":{"0":5,"1":5,"2":5,"3":5,"4":5,"5":5,"6":5},"f":{},"b":{}}
,"/home/driven/Documentos/Projects/projeto-drivenpass/src/routers/credentials-router.ts": {"path":"/home/driven/Documentos/Projects/projeto-drivenpass/src/routers/credentials-router.ts","statementMap":{"0":{"start":{"line":1,"column":0},"end":{"line":1,"column":33}},"1":{"start":{"line":2,"column":0},"end":{"line":2,"column":45}},"2":{"start":{"line":3,"column":0},"end":{"line":3,"column":64}},"3":{"start":{"line":4,"column":0},"end":{"line":4,"column":105}},"4":{"start":{"line":7,"column":26},"end":{"line":12,"column":41}},"5":{"start":{"line":15,"column":9},"end":{"line":15,"column":26}}},"fnMap":{},"branchMap":{},"s":{"0":5,"1":5,"2":5,"3":5,"4":5,"5":5},"f":{},"b":{}}
,"/home/driven/Documentos/Projects/projeto-drivenpass/src/routers/index.ts": {"path":"/home/driven/Documentos/Projects/projeto-drivenpass/src/routers/index.ts","statementMap":{"0":{"start":{"line":1,"column":0},"end":{"line":1,"column":31}},"1":{"start":{"line":2,"column":0},"end":{"line":2,"column":40}},"2":{"start":{"line":3,"column":0},"end":{"line":3,"column":37}},"3":{"start":{"line":4,"column":0},"end":{"line":4,"column":33}}},"fnMap":{},"branchMap":{},"s":{"0":5,"1":5,"2":5,"3":5},"f":{},"b":{}}
,"/home/driven/Documentos/Projects/projeto-drivenpass/src/routers/network-router.ts": {"path":"/home/driven/Documentos/Projects/projeto-drivenpass/src/routers/network-router.ts","statementMap":{"0":{"start":{"line":1,"column":0},"end":{"line":1,"column":33}},"1":{"start":{"line":2,"column":0},"end":{"line":2,"column":42}},"2":{"start":{"line":3,"column":0},"end":{"line":3,"column":64}},"3":{"start":{"line":4,"column":0},"end":{"line":4,"column":93}},"4":{"start":{"line":7,"column":22},"end":{"line":12,"column":38}},"5":{"start":{"line":15,"column":9},"end":{"line":15,"column":22}}},"fnMap":{},"branchMap":{},"s":{"0":5,"1":5,"2":5,"3":5,"4":5,"5":5},"f":{},"b":{}}
,"/home/driven/Documentos/Projects/projeto-drivenpass/src/routers/users-router.ts": {"path":"/home/driven/Documentos/Projects/projeto-drivenpass/src/routers/users-router.ts","statementMap":{"0":{"start":{"line":1,"column":0},"end":{"line":1,"column":33}},"1":{"start":{"line":3,"column":0},"end":{"line":3,"column":45}},"2":{"start":{"line":4,"column":0},"end":{"line":4,"column":45}},"3":{"start":{"line":5,"column":0},"end":{"line":5,"column":42}},"4":{"start":{"line":7,"column":20},"end":{"line":7,"column":28}},"5":{"start":{"line":11,"column":9},"end":{"line":11,"column":20}},"6":{"start":{"line":9,"column":0},"end":{"line":9,"column":65}}},"fnMap":{},"branchMap":{},"s":{"0":5,"1":5,"2":5,"3":5,"4":5,"5":5,"6":5},"f":{},"b":{}}
,"/home/driven/Documentos/Projects/projeto-drivenpass/src/schemas/authentication-schemas.ts": {"path":"/home/driven/Documentos/Projects/projeto-drivenpass/src/schemas/authentication-schemas.ts","statementMap":{"0":{"start":{"line":1,"column":0},"end":{"line":1,"column":22}},"1":{"start":{"line":4,"column":13},"end":{"line":7,"column":3}}},"fnMap":{},"branchMap":{},"s":{"0":7,"1":7},"f":{},"b":{}}
,"/home/driven/Documentos/Projects/projeto-drivenpass/src/schemas/credentials-schemas.ts": {"path":"/home/driven/Documentos/Projects/projeto-drivenpass/src/schemas/credentials-schemas.ts","statementMap":{"0":{"start":{"line":1,"column":0},"end":{"line":1,"column":22}},"1":{"start":{"line":4,"column":13},"end":{"line":9,"column":3}}},"fnMap":{},"branchMap":{},"s":{"0":7,"1":7},"f":{},"b":{}}
,"/home/driven/Documentos/Projects/projeto-drivenpass/src/schemas/index.ts": {"path":"/home/driven/Documentos/Projects/projeto-drivenpass/src/schemas/index.ts","statementMap":{"0":{"start":{"line":1,"column":0},"end":{"line":1,"column":32}},"1":{"start":{"line":2,"column":0},"end":{"line":2,"column":41}},"2":{"start":{"line":3,"column":0},"end":{"line":3,"column":38}},"3":{"start":{"line":4,"column":0},"end":{"line":4,"column":34}}},"fnMap":{},"branchMap":{},"s":{"0":7,"1":7,"2":7,"3":7},"f":{},"b":{}}
,"/home/driven/Documentos/Projects/projeto-drivenpass/src/schemas/network-schemas.ts": {"path":"/home/driven/Documentos/Projects/projeto-drivenpass/src/schemas/network-schemas.ts","statementMap":{"0":{"start":{"line":1,"column":0},"end":{"line":1,"column":22}},"1":{"start":{"line":4,"column":13},"end":{"line":8,"column":3}}},"fnMap":{},"branchMap":{},"s":{"0":7,"1":7},"f":{},"b":{}}
,"/home/driven/Documentos/Projects/projeto-drivenpass/src/schemas/users-schemas.ts": {"path":"/home/driven/Documentos/Projects/projeto-drivenpass/src/schemas/users-schemas.ts","statementMap":{"0":{"start":{"line":1,"column":0},"end":{"line":1,"column":22}},"1":{"start":{"line":4,"column":13},"end":{"line":7,"column":3}}},"fnMap":{},"branchMap":{},"s":{"0":7,"1":7},"f":{},"b":{}}
,"/home/driven/Documentos/Projects/projeto-drivenpass/src/services/authentication-service.ts": {"path":"/home/driven/Documentos/Projects/projeto-drivenpass/src/services/authentication-service.ts","statementMap":{"0":{"start":{"line":2,"column":0},"end":{"line":2,"column":28}},"1":{"start":{"line":3,"column":0},"end":{"line":3,"column":31}},"2":{"start":{"line":4,"column":0},"end":{"line":4,"column":51}},"3":{"start":{"line":5,"column":0},"end":{"line":5,"column":74}},"4":{"start":{"line":6,"column":0},"end":{"line":6,"column":47}},"5":{"start":{"line":9,"column":30},"end":{"line":9,"column":36}},"6":{"start":{"line":11,"column":15},"end":{"line":11,"column":41}},"7":{"start":{"line":13,"column":2},"end":{"line":13,"column":56}},"8":{"start":{"line":15,"column":16},"end":{"line":15,"column":44}},"9":{"start":{"line":17,"column":2},"end":{"line":20,"column":4}},"10":{"start":{"line":24,"column":15},"end":{"line":24,"column":97}},"11":{"start":{"line":25,"column":2},"end":{"line":25,"column":45}},"12":{"start":{"line":25,"column":13},"end":{"line":25,"column":45}},"13":{"start":{"line":27,"column":2},"end":{"line":27,"column":14}},"14":{"start":{"line":31,"column":16},"end":{"line":31,"column":60}},"15":{"start":{"line":32,"column":2},"end":{"line":35,"column":5}},"16":{"start":{"line":37,"column":2},"end":{"line":37,"column":15}},"17":{"start":{"line":41,"column":2},"end":{"line":41,"column":46}},"18":{"start":{"line":41,"column":14},"end":{"line":41,"column":46}},"19":{"start":{"line":42,"column":16},"end":{"line":42,"column":65}},"20":{"start":{"line":43,"column":2},"end":{"line":43,"column":53}},"21":{"start":{"line":43,"column":21},"end":{"line":43,"column":53}},"22":{"start":{"line":45,"column":2},"end":{"line":45,"column":22}},"23":{"start":{"line":49,"column":26},"end":{"line":49,"column":70}},"24":{"start":{"line":50,"column":2},"end":{"line":50,"column":56}},"25":{"start":{"line":50,"column":24},"end":{"line":50,"column":56}},"26":{"start":{"line":63,"column":13},"end":{"line":66,"column":2}}},"fnMap":{"0":{"name":"signIn","decl":{"start":{"line":8,"column":15},"end":{"line":8,"column":21}},"loc":{"start":{"line":8,"column":42},"end":{"line":21,"column":1}}},"1":{"name":"getUserOrFail","decl":{"start":{"line":23,"column":15},"end":{"line":23,"column":28}},"loc":{"start":{"line":23,"column":42},"end":{"line":28,"column":1}}},"2":{"name":"createSession","decl":{"start":{"line":30,"column":15},"end":{"line":30,"column":28}},"loc":{"start":{"line":30,"column":43},"end":{"line":38,"column":1}}},"3":{"name":"checkSession","decl":{"start":{"line":40,"column":15},"end":{"line":40,"column":27}},"loc":{"start":{"line":40,"column":41},"end":{"line":46,"column":1}}},"4":{"name":"validatePasswordOrFail","decl":{"start":{"line":48,"column":15},"end":{"line":48,"column":37}},"loc":{"start":{"line":48,"column":76},"end":{"line":51,"column":1}}}},"branchMap":{"0":{"loc":{"start":{"line":25,"column":2},"end":{"line":25,"column":45}},"type":"if","locations":[{"start":{"line":25,"column":2},"end":{"line":25,"column":45}}]},"1":{"loc":{"start":{"line":41,"column":2},"end":{"line":41,"column":46}},"type":"if","locations":[{"start":{"line":41,"column":2},"end":{"line":41,"column":46}}]},"2":{"loc":{"start":{"line":43,"column":2},"end":{"line":43,"column":53}},"type":"if","locations":[{"start":{"line":43,"column":2},"end":{"line":43,"column":53}}]},"3":{"loc":{"start":{"line":50,"column":2},"end":{"line":50,"column":56}},"type":"if","locations":[{"start":{"line":50,"column":2},"end":{"line":50,"column":56}}]}},"s":{"0":5,"1":5,"2":5,"3":5,"4":5,"5":9,"6":9,"7":7,"8":5,"9":5,"10":9,"11":9,"12":2,"13":7,"14":5,"15":5,"16":5,"17":0,"18":0,"19":0,"20":0,"21":0,"22":0,"23":7,"24":7,"25":2,"26":5},"f":{"0":9,"1":9,"2":5,"3":0,"4":7},"b":{"0":[2],"1":[0],"2":[0],"3":[2]}}
,"/home/driven/Documentos/Projects/projeto-drivenpass/src/services/credentials-service.ts": {"path":"/home/driven/Documentos/Projects/projeto-drivenpass/src/services/credentials-service.ts","statementMap":{"0":{"start":{"line":2,"column":0},"end":{"line":2,"column":74}},"1":{"start":{"line":3,"column":0},"end":{"line":3,"column":54}},"2":{"start":{"line":4,"column":0},"end":{"line":4,"column":27}},"3":{"start":{"line":5,"column":15},"end":{"line":5,"column":49}},"4":{"start":{"line":10,"column":0},"end":{"line":10,"column":53}},"5":{"start":{"line":13,"column":26},"end":{"line":13,"column":50}},"6":{"start":{"line":16,"column":2},"end":{"line":22,"column":5}},"7":{"start":{"line":8,"column":0},"end":{"line":8,"column":7}},"8":{"start":{"line":26,"column":34},"end":{"line":26,"column":100}},"9":{"start":{"line":27,"column":2},"end":{"line":29,"column":3}},"10":{"start":{"line":28,"column":4},"end":{"line":28,"column":33}},"11":{"start":{"line":33,"column":22},"end":{"line":33,"column":72}},"12":{"start":{"line":34,"column":2},"end":{"line":34,"column":95}},"13":{"start":{"line":34,"column":35},"end":{"line":34,"column":92}},"14":{"start":{"line":35,"column":2},"end":{"line":35,"column":21}},"15":{"start":{"line":39,"column":22},"end":{"line":39,"column":71}},"16":{"start":{"line":40,"column":2},"end":{"line":40,"column":70}},"17":{"start":{"line":40,"column":37},"end":{"line":40,"column":70}},"18":{"start":{"line":41,"column":2},"end":{"line":41,"column":62}},"19":{"start":{"line":42,"column":2},"end":{"line":42,"column":21}},"20":{"start":{"line":46,"column":22},"end":{"line":46,"column":71}},"21":{"start":{"line":47,"column":2},"end":{"line":47,"column":70}},"22":{"start":{"line":47,"column":37},"end":{"line":47,"column":70}},"23":{"start":{"line":48,"column":2},"end":{"line":48,"column":54}},"24":{"start":{"line":54,"column":13},"end":{"line":59,"column":2}}},"fnMap":{"0":{"name":"createCredential","decl":{"start":{"line":8,"column":22},"end":{"line":8,"column":38}},"loc":{"start":{"line":8,"column":98},"end":{"line":23,"column":1}}},"1":{"name":"validateUniqueCredentialTitle","decl":{"start":{"line":25,"column":15},"end":{"line":25,"column":44}},"loc":{"start":{"line":25,"column":76},"end":{"line":30,"column":1}}},"2":{"name":"getCredentials","decl":{"start":{"line":32,"column":15},"end":{"line":32,"column":29}},"loc":{"start":{"line":32,"column":44},"end":{"line":36,"column":1}}},"3":{"name":"(anonymous_4)","decl":{"start":{"line":34,"column":18},"end":{"line":34,"column":19}},"loc":{"start":{"line":34,"column":35},"end":{"line":34,"column":92}}},"4":{"name":"getCredentialById","decl":{"start":{"line":38,"column":15},"end":{"line":38,"column":32}},"loc":{"start":{"line":38,"column":59},"end":{"line":43,"column":1}}},"5":{"name":"deleteCredentialById","decl":{"start":{"line":45,"column":15},"end":{"line":45,"column":35}},"loc":{"start":{"line":45,"column":62},"end":{"line":49,"column":1}}}},"branchMap":{"0":{"loc":{"start":{"line":27,"column":2},"end":{"line":29,"column":3}},"type":"if","locations":[{"start":{"line":27,"column":2},"end":{"line":29,"column":3}}]},"1":{"loc":{"start":{"line":40,"column":2},"end":{"line":40,"column":70}},"type":"if","locations":[{"start":{"line":40,"column":2},"end":{"line":40,"column":70}}]},"2":{"loc":{"start":{"line":47,"column":2},"end":{"line":47,"column":70}},"type":"if","locations":[{"start":{"line":47,"column":2},"end":{"line":47,"column":70}}]}},"s":{"0":5,"1":5,"2":5,"3":5,"4":0,"5":0,"6":0,"7":5,"8":0,"9":0,"10":0,"11":0,"12":0,"13":0,"14":0,"15":0,"16":0,"17":0,"18":0,"19":0,"20":0,"21":0,"22":0,"23":0,"24":5},"f":{"0":0,"1":0,"2":0,"3":0,"4":0,"5":0},"b":{"0":[0],"1":[0],"2":[0]}}
,"/home/driven/Documentos/Projects/projeto-drivenpass/src/services/index.ts": {"path":"/home/driven/Documentos/Projects/projeto-drivenpass/src/services/index.ts","statementMap":{"0":{"start":{"line":1,"column":0},"end":{"line":1,"column":32}},"1":{"start":{"line":2,"column":0},"end":{"line":2,"column":41}},"2":{"start":{"line":3,"column":0},"end":{"line":3,"column":38}},"3":{"start":{"line":4,"column":0},"end":{"line":4,"column":34}}},"fnMap":{},"branchMap":{},"s":{"0":5,"1":5,"2":5,"3":5},"f":{},"b":{}}
,"/home/driven/Documentos/Projects/projeto-drivenpass/src/services/network-service.ts": {"path":"/home/driven/Documentos/Projects/projeto-drivenpass/src/services/network-service.ts","statementMap":{"0":{"start":{"line":2,"column":0},"end":{"line":2,"column":92}},"1":{"start":{"line":3,"column":0},"end":{"line":3,"column":51}},"2":{"start":{"line":4,"column":0},"end":{"line":4,"column":27}},"3":{"start":{"line":5,"column":15},"end":{"line":5,"column":49}},"4":{"start":{"line":10,"column":0},"end":{"line":10,"column":49}},"5":{"start":{"line":13,"column":26},"end":{"line":13,"column":50}},"6":{"start":{"line":16,"column":2},"end":{"line":21,"column":5}},"7":{"start":{"line":8,"column":0},"end":{"line":8,"column":7}},"8":{"start":{"line":25,"column":31},"end":{"line":25,"column":92}},"9":{"start":{"line":26,"column":2},"end":{"line":28,"column":3}},"10":{"start":{"line":27,"column":4},"end":{"line":27,"column":33}},"11":{"start":{"line":32,"column":19},"end":{"line":32,"column":63}},"12":{"start":{"line":33,"column":2},"end":{"line":33,"column":83}},"13":{"start":{"line":33,"column":29},"end":{"line":33,"column":80}},"14":{"start":{"line":34,"column":2},"end":{"line":34,"column":18}},"15":{"start":{"line":38,"column":19},"end":{"line":38,"column":62}},"16":{"start":{"line":39,"column":2},"end":{"line":39,"column":67}},"17":{"start":{"line":39,"column":34},"end":{"line":39,"column":67}},"18":{"start":{"line":40,"column":2},"end":{"line":40,"column":56}},"19":{"start":{"line":41,"column":2},"end":{"line":41,"column":18}},"20":{"start":{"line":45,"column":19},"end":{"line":45,"column":62}},"21":{"start":{"line":46,"column":2},"end":{"line":46,"column":67}},"22":{"start":{"line":46,"column":34},"end":{"line":46,"column":67}},"23":{"start":{"line":47,"column":2},"end":{"line":47,"column":48}},"24":{"start":{"line":53,"column":13},"end":{"line":58,"column":2}}},"fnMap":{"0":{"name":"networkCreate","decl":{"start":{"line":8,"column":22},"end":{"line":8,"column":35}},"loc":{"start":{"line":8,"column":86},"end":{"line":22,"column":1}}},"1":{"name":"validateUniqueNetworkTitle","decl":{"start":{"line":24,"column":15},"end":{"line":24,"column":41}},"loc":{"start":{"line":24,"column":72},"end":{"line":29,"column":1}}},"2":{"name":"getNetworks","decl":{"start":{"line":31,"column":15},"end":{"line":31,"column":26}},"loc":{"start":{"line":31,"column":41},"end":{"line":35,"column":1}}},"3":{"name":"(anonymous_4)","decl":{"start":{"line":33,"column":15},"end":{"line":33,"column":16}},"loc":{"start":{"line":33,"column":29},"end":{"line":33,"column":80}}},"4":{"name":"getNetworkById","decl":{"start":{"line":37,"column":15},"end":{"line":37,"column":29}},"loc":{"start":{"line":37,"column":56},"end":{"line":42,"column":1}}},"5":{"name":"deleteNetworkById","decl":{"start":{"line":44,"column":15},"end":{"line":44,"column":32}},"loc":{"start":{"line":44,"column":59},"end":{"line":48,"column":1}}}},"branchMap":{"0":{"loc":{"start":{"line":26,"column":2},"end":{"line":28,"column":3}},"type":"if","locations":[{"start":{"line":26,"column":2},"end":{"line":28,"column":3}}]},"1":{"loc":{"start":{"line":39,"column":2},"end":{"line":39,"column":67}},"type":"if","locations":[{"start":{"line":39,"column":2},"end":{"line":39,"column":67}}]},"2":{"loc":{"start":{"line":46,"column":2},"end":{"line":46,"column":67}},"type":"if","locations":[{"start":{"line":46,"column":2},"end":{"line":46,"column":67}}]}},"s":{"0":5,"1":5,"2":5,"3":5,"4":0,"5":0,"6":0,"7":5,"8":0,"9":0,"10":0,"11":0,"12":0,"13":0,"14":0,"15":0,"16":0,"17":0,"18":0,"19":0,"20":0,"21":0,"22":0,"23":0,"24":5},"f":{"0":0,"1":0,"2":0,"3":0,"4":0,"5":0},"b":{"0":[0],"1":[0],"2":[0]}}
,"/home/driven/Documentos/Projects/projeto-drivenpass/src/services/users-service.ts": {"path":"/home/driven/Documentos/Projects/projeto-drivenpass/src/services/users-service.ts","statementMap":{"0":{"start":{"line":2,"column":0},"end":{"line":2,"column":28}},"1":{"start":{"line":3,"column":0},"end":{"line":3,"column":49}},"2":{"start":{"line":4,"column":0},"end":{"line":4,"column":49}},"3":{"start":{"line":8,"column":2},"end":{"line":8,"column":41}},"4":{"start":{"line":10,"column":25},"end":{"line":10,"column":56}},"5":{"start":{"line":11,"column":2},"end":{"line":14,"column":5}},"6":{"start":{"line":6,"column":0},"end":{"line":6,"column":7}},"7":{"start":{"line":18,"column":28},"end":{"line":18,"column":67}},"8":{"start":{"line":19,"column":2},"end":{"line":21,"column":3}},"9":{"start":{"line":20,"column":4},"end":{"line":20,"column":33}},"10":{"start":{"line":27,"column":13},"end":{"line":29,"column":2}}},"fnMap":{"0":{"name":"createUser","decl":{"start":{"line":6,"column":22},"end":{"line":6,"column":32}},"loc":{"start":{"line":6,"column":70},"end":{"line":15,"column":1}}},"1":{"name":"validateUniqueEmailOrFail","decl":{"start":{"line":17,"column":15},"end":{"line":17,"column":40}},"loc":{"start":{"line":17,"column":54},"end":{"line":22,"column":1}}}},"branchMap":{"0":{"loc":{"start":{"line":19,"column":2},"end":{"line":21,"column":3}},"type":"if","locations":[{"start":{"line":19,"column":2},"end":{"line":21,"column":3}}]}},"s":{"0":5,"1":5,"2":5,"3":7,"4":5,"5":5,"6":5,"7":7,"8":7,"9":2,"10":5},"f":{"0":7,"1":7},"b":{"0":[2]}}
,"/home/driven/Documentos/Projects/projeto-drivenpass/src/utils/prisma-utils.ts": {"path":"/home/driven/Documentos/Projects/projeto-drivenpass/src/utils/prisma-utils.ts","statementMap":{"0":{"start":{"line":2,"column":20},"end":{"line":2,"column":54}},"1":{"start":{"line":3,"column":2},"end":{"line":5,"column":3}},"2":{"start":{"line":4,"column":4},"end":{"line":4,"column":26}},"3":{"start":{"line":6,"column":2},"end":{"line":6,"column":19}},"4":{"start":{"line":1,"column":0},"end":{"line":1,"column":16}}},"fnMap":{"0":{"name":"exclude","decl":{"start":{"line":1,"column":16},"end":{"line":1,"column":23}},"loc":{"start":{"line":1,"column":73},"end":{"line":7,"column":1}}}},"branchMap":{},"s":{"0":5,"1":5,"2":5,"3":5,"4":5},"f":{"0":5},"b":{}}
,"/home/driven/Documentos/Projects/projeto-drivenpass/tests/helpers.ts": {"path":"/home/driven/Documentos/Projects/projeto-drivenpass/tests/helpers.ts","statementMap":{"0":{"start":{"line":1,"column":0},"end":{"line":1,"column":36}},"1":{"start":{"line":4,"column":0},"end":{"line":4,"column":41}},"2":{"start":{"line":6,"column":0},"end":{"line":6,"column":34}},"3":{"start":{"line":10,"column":2},"end":{"line":10,"column":41}},"4":{"start":{"line":11,"column":2},"end":{"line":11,"column":38}},"5":{"start":{"line":12,"column":2},"end":{"line":12,"column":35}},"6":{"start":{"line":8,"column":0},"end":{"line":8,"column":7}},"7":{"start":{"line":16,"column":23},"end":{"line":16,"column":51}},"8":{"start":{"line":17,"column":16},"end":{"line":17,"column":77}},"9":{"start":{"line":21,"column":2},"end":{"line":21,"column":15}},"10":{"start":{"line":15,"column":0},"end":{"line":15,"column":7}}},"fnMap":{"0":{"name":"cleanDb","decl":{"start":{"line":8,"column":22},"end":{"line":8,"column":29}},"loc":{"start":{"line":8,"column":29},"end":{"line":13,"column":1}}},"1":{"name":"generateValidToken","decl":{"start":{"line":15,"column":22},"end":{"line":15,"column":40}},"loc":{"start":{"line":15,"column":52},"end":{"line":22,"column":1}}}},"branchMap":{"0":{"loc":{"start":{"line":16,"column":23},"end":{"line":16,"column":51}},"type":"binary-expr","locations":[{"start":{"line":16,"column":23},"end":{"line":16,"column":27}},{"start":{"line":16,"column":32},"end":{"line":16,"column":50}}]}},"s":{"0":5,"1":5,"2":5,"3":5,"4":5,"5":5,"6":5,"7":0,"8":0,"9":0,"10":5},"f":{"0":5,"1":0},"b":{"0":[0,0]}}
,"/home/driven/Documentos/Projects/projeto-drivenpass/tests/factories/credential-factory.ts": {"path":"/home/driven/Documentos/Projects/projeto-drivenpass/tests/factories/credential-factory.ts","statementMap":{"0":{"start":{"line":1,"column":0},"end":{"line":1,"column":40}},"1":{"start":{"line":2,"column":0},"end":{"line":2,"column":34}},"2":{"start":{"line":5,"column":0},"end":{"line":5,"column":27}},"3":{"start":{"line":6,"column":15},"end":{"line":6,"column":49}},"4":{"start":{"line":11,"column":26},"end":{"line":11,"column":60}},"5":{"start":{"line":12,"column":4},"end":{"line":20,"column":7}},"6":{"start":{"line":10,"column":0},"end":{"line":10,"column":7}}},"fnMap":{"0":{"name":"createCredential","decl":{"start":{"line":10,"column":22},"end":{"line":10,"column":38}},"loc":{"start":{"line":10,"column":61},"end":{"line":21,"column":3}}}},"branchMap":{},"s":{"0":5,"1":5,"2":5,"3":5,"4":1,"5":1,"6":5},"f":{"0":1},"b":{}}
,"/home/driven/Documentos/Projects/projeto-drivenpass/tests/factories/index.ts": {"path":"/home/driven/Documentos/Projects/projeto-drivenpass/tests/factories/index.ts","statementMap":{"0":{"start":{"line":1,"column":0},"end":{"line":1,"column":32}},"1":{"start":{"line":2,"column":0},"end":{"line":2,"column":35}},"2":{"start":{"line":3,"column":0},"end":{"line":3,"column":37}}},"fnMap":{},"branchMap":{},"s":{"0":5,"1":5,"2":5},"f":{},"b":{}}
,"/home/driven/Documentos/Projects/projeto-drivenpass/tests/factories/sessions-factory.ts": {"path":"/home/driven/Documentos/Projects/projeto-drivenpass/tests/factories/sessions-factory.ts","statementMap":{"0":{"start":{"line":2,"column":0},"end":{"line":2,"column":45}},"1":{"start":{"line":3,"column":0},"end":{"line":3,"column":34}},"2":{"start":{"line":4,"column":0},"end":{"line":4,"column":36}},"3":{"start":{"line":7,"column":15},"end":{"line":7,"column":33}},"4":{"start":{"line":9,"column":2},"end":{"line":14,"column":5}},"5":{"start":{"line":6,"column":0},"end":{"line":6,"column":7}},"6":{"start":{"line":18,"column":23},"end":{"line":18,"column":51}},"7":{"start":{"line":19,"column":16},"end":{"line":19,"column":77}},"8":{"start":{"line":20,"column":2},"end":{"line":20,"column":29}},"9":{"start":{"line":22,"column":2},"end":{"line":22,"column":40}},"10":{"start":{"line":17,"column":0},"end":{"line":17,"column":7}}},"fnMap":{"0":{"name":"createSession","decl":{"start":{"line":6,"column":22},"end":{"line":6,"column":35}},"loc":{"start":{"line":6,"column":49},"end":{"line":15,"column":1}}},"1":{"name":"createSessionAndToken","decl":{"start":{"line":17,"column":22},"end":{"line":17,"column":43}},"loc":{"start":{"line":17,"column":55},"end":{"line":23,"column":1}}}},"branchMap":{"0":{"loc":{"start":{"line":18,"column":23},"end":{"line":18,"column":51}},"type":"binary-expr","locations":[{"start":{"line":18,"column":23},"end":{"line":18,"column":27}},{"start":{"line":18,"column":32},"end":{"line":18,"column":50}}]}},"s":{"0":5,"1":5,"2":5,"3":1,"4":1,"5":5,"6":1,"7":1,"8":1,"9":1,"10":5},"f":{"0":1,"1":1},"b":{"0":[1,1]}}
,"/home/driven/Documentos/Projects/projeto-drivenpass/tests/factories/users-factory.ts": {"path":"/home/driven/Documentos/Projects/projeto-drivenpass/tests/factories/users-factory.ts","statementMap":{"0":{"start":{"line":1,"column":0},"end":{"line":1,"column":28}},"1":{"start":{"line":2,"column":0},"end":{"line":2,"column":40}},"2":{"start":{"line":4,"column":0},"end":{"line":4,"column":34}},"3":{"start":{"line":7,"column":27},"end":{"line":7,"column":73}},"4":{"start":{"line":8,"column":25},"end":{"line":8,"column":64}},"5":{"start":{"line":10,"column":2},"end":{"line":15,"column":5}},"6":{"start":{"line":6,"column":0},"end":{"line":6,"column":7}}},"fnMap":{"0":{"name":"createUser","decl":{"start":{"line":6,"column":22},"end":{"line":6,"column":32}},"loc":{"start":{"line":6,"column":59},"end":{"line":16,"column":1}}}},"branchMap":{"0":{"loc":{"start":{"line":6,"column":33},"end":{"line":6,"column":59}},"type":"default-arg","locations":[{"start":{"line":6,"column":57},"end":{"line":6,"column":59}}]},"1":{"loc":{"start":{"line":7,"column":27},"end":{"line":7,"column":73}},"type":"binary-expr","locations":[{"start":{"line":7,"column":27},"end":{"line":7,"column":42}},{"start":{"line":7,"column":46},"end":{"line":7,"column":73}}]},"2":{"loc":{"start":{"line":12,"column":13},"end":{"line":12,"column":51}},"type":"binary-expr","locations":[{"start":{"line":12,"column":13},"end":{"line":12,"column":25}},{"start":{"line":12,"column":29},"end":{"line":12,"column":51}}]}},"s":{"0":5,"1":5,"2":5,"3":12,"4":12,"5":12,"6":5},"f":{"0":12},"b":{"0":[4],"1":[12,4],"2":[12,4]}}
}
