TN:
SF:src/app.ts
FN:21,init
FN:26,close
FNF:2
FNH:1
FNDA:6,init
FNDA:0,close
DA:1,6
DA:2,6
DA:3,6
DA:4,6
DA:5,6
DA:6,6
DA:7,6
DA:9,6
DA:11,6
DA:12,6
DA:21,6
DA:22,6
DA:23,6
DA:26,6
DA:27,0
DA:30,6
LF:16
LH:15
BRF:0
BRH:0
end_of_record
TN:
SF:src/config/database.ts
FN:4,connectDb
FN:8,disconnectDB
FNF:2
FNH:1
FNDA:6,connectDb
FNDA:0,disconnectDB
DA:1,8
DA:4,8
DA:5,6
DA:8,8
DA:9,0
LF:5
LH:4
BRF:0
BRH:0
end_of_record
TN:
SF:src/config/envs.ts
FN:4,loadEnv
FNF:1
FNH:1
FNDA:14,loadEnv
DA:1,8
DA:2,8
DA:4,8
DA:6,14
DA:12,14
DA:13,14
LF:6
LH:6
BRDA:6,0,0,14
BRDA:6,0,1,0
BRDA:8,1,0,0
BRDA:8,1,1,0
BRF:4
BRH:1
end_of_record
TN:
SF:src/config/index.ts
FNF:0
FNH:0
DA:1,8
DA:2,8
LF:2
LH:2
BRF:0
BRH:0
end_of_record
TN:
SF:src/controllers/authentication-controller.ts
FN:5,singInPost
FNF:1
FNH:1
FNDA:5,singInPost
DA:2,6
DA:3,6
DA:5,6
DA:6,5
DA:8,5
DA:10,3
LF:6
LH:6
BRF:0
BRH:0
end_of_record
TN:
SF:src/controllers/credential-controller.ts
FN:7,credentialCreate
FN:17,getCredencials
FN:26,getCredencialById
FN:37,deleteCredencialById
FNF:4
FNH:0
FNDA:0,credentialCreate
FNDA:0,getCredencials
FNDA:0,getCredencialById
FNDA:0,deleteCredencialById
DA:2,6
DA:4,6
DA:7,6
DA:8,0
DA:10,0
DA:12,0
DA:14,0
DA:17,6
DA:19,0
DA:21,0
DA:23,0
DA:26,6
DA:28,0
DA:30,0
DA:32,0
DA:34,0
DA:37,6
DA:39,0
DA:41,0
DA:43,0
DA:45,0
LF:21
LH:6
BRF:0
BRH:0
end_of_record
TN:
SF:src/controllers/index.ts
FNF:0
FNH:0
DA:1,6
DA:2,6
DA:3,6
DA:4,6
LF:4
LH:4
BRF:0
BRH:0
end_of_record
TN:
SF:src/controllers/network-controller.ts
FN:7,networkCreate
FN:17,getNetworks
FN:26,getNetworkById
FN:37,deleteNetworkById
FNF:4
FNH:0
FNDA:0,networkCreate
FNDA:0,getNetworks
FNDA:0,getNetworkById
FNDA:0,deleteNetworkById
DA:2,6
DA:4,6
DA:7,6
DA:8,0
DA:10,0
DA:12,0
DA:14,0
DA:17,6
DA:19,0
DA:21,0
DA:23,0
DA:26,6
DA:28,0
DA:30,0
DA:32,0
DA:34,0
DA:37,6
DA:39,0
DA:41,0
DA:43,0
DA:45,0
LF:21
LH:6
BRF:0
BRH:0
end_of_record
TN:
SF:src/controllers/users-controller.ts
FN:5,usersPost
FNF:1
FNH:1
FNDA:4,usersPost
DA:2,6
DA:3,6
DA:5,6
DA:6,4
DA:8,4
DA:10,3
LF:6
LH:6
BRF:0
BRH:0
end_of_record
TN:
SF:src/errors/cannot-enroll-before-start-date-error.ts
FN:3,cannotEnrollBeforeStartDateError
FNF:1
FNH:0
FNDA:0,cannotEnrollBeforeStartDateError
DA:3,6
DA:4,0
LF:2
LH:1
BRF:0
BRH:0
end_of_record
TN:
SF:src/errors/conflict-error.ts
FN:3,conflictError
FNF:1
FNH:0
FNDA:0,conflictError
DA:3,6
DA:4,0
LF:2
LH:1
BRF:0
BRH:0
end_of_record
TN:
SF:src/errors/duplicate-email-error.ts
FN:3,duplicatedEmailError
FNF:1
FNH:1
FNDA:4,duplicatedEmailError
DA:3,6
DA:4,4
LF:2
LH:2
BRF:0
BRH:0
end_of_record
TN:
SF:src/errors/duplicate-title-error.ts
FN:3,duplicatedTitleError
FNF:1
FNH:0
FNDA:0,duplicatedTitleError
DA:3,6
DA:4,0
LF:2
LH:1
BRF:0
BRH:0
end_of_record
TN:
SF:src/errors/forbidden-error.ts
FN:3,forbiddenError
FNF:1
FNH:0
FNDA:0,forbiddenError
DA:3,6
DA:4,0
LF:2
LH:1
BRF:0
BRH:0
end_of_record
TN:
SF:src/errors/index.ts
FNF:0
FNH:0
DA:1,6
DA:2,6
DA:3,6
DA:4,6
DA:5,6
DA:6,6
DA:7,6
DA:8,6
DA:9,6
DA:10,6
DA:11,6
DA:12,6
LF:12
LH:12
BRF:0
BRH:0
end_of_record
TN:
SF:src/errors/invalid-credentials-access.ts
FN:3,invalidCredentialsAccess
FNF:1
FNH:0
FNDA:0,invalidCredentialsAccess
DA:3,6
DA:4,0
LF:2
LH:1
BRF:0
BRH:0
end_of_record
TN:
SF:src/errors/invalid-credentials-error.ts
FN:3,invalidCredentialsError
FNF:1
FNH:1
FNDA:6,invalidCredentialsError
DA:3,6
DA:4,6
LF:2
LH:2
BRF:0
BRH:0
end_of_record
TN:
SF:src/errors/invalid-data-error.ts
FN:3,invalidDataError
FNF:1
FNH:1
FNDA:5,invalidDataError
DA:3,6
DA:4,5
LF:2
LH:2
BRF:0
BRH:0
end_of_record
TN:
SF:src/errors/invalid-email-error.ts
FN:3,invalidEmailError
FNF:1
FNH:0
FNDA:0,invalidEmailError
DA:3,6
DA:4,0
LF:2
LH:1
BRF:0
BRH:0
end_of_record
TN:
SF:src/errors/not-found-error.ts
FN:3,notFoundError
FNF:1
FNH:0
FNDA:0,notFoundError
DA:3,6
DA:4,0
LF:2
LH:1
BRF:0
BRH:0
end_of_record
TN:
SF:src/errors/request-error.ts
FN:3,requestError
FNF:1
FNH:0
FNDA:0,requestError
DA:3,6
DA:4,0
LF:2
LH:1
BRF:0
BRH:0
end_of_record
TN:
SF:src/errors/unauthorized-error.ts
FN:3,unauthorizedError
FNF:1
FNH:1
FNDA:8,unauthorizedError
DA:3,6
DA:4,8
LF:2
LH:2
BRF:0
BRH:0
end_of_record
TN:
SF:src/middlewares/authentication-middleware.ts
FN:6,authenticateToken
FNF:1
FNH:1
FNDA:11,authenticateToken
DA:2,6
DA:3,6
DA:4,6
DA:6,6
DA:7,11
DA:8,11
DA:10,7
DA:11,7
DA:13,5
DA:15,3
DA:16,3
DA:18,1
DA:19,1
LF:13
LH:13
BRDA:8,0,0,4
BRDA:11,1,0,2
BRDA:16,2,0,2
BRF:3
BRH:3
end_of_record
TN:
SF:src/middlewares/error-handling-middleware.ts
FN:5,handleApplicationErrors
FNF:1
FNH:1
FNDA:18,handleApplicationErrors
DA:2,6
DA:5,6
DA:11,18
DA:12,0
DA:17,18
DA:18,1
DA:23,17
DA:24,4
DA:29,13
DA:30,0
DA:35,13
DA:36,5
DA:41,8
DA:42,0
DA:47,8
DA:48,0
DA:53,8
DA:54,0
DA:59,8
DA:60,8
DA:65,0
DA:66,0
DA:69,0
DA:70,0
DA:75,0
DA:76,0
DA:80,0
DA:81,0
LF:28
LH:15
BRDA:11,0,0,0
BRDA:17,1,0,1
BRDA:17,2,0,18
BRDA:17,2,1,18
BRDA:23,3,0,4
BRDA:23,4,0,17
BRDA:23,4,1,15
BRDA:29,5,0,0
BRDA:29,6,0,13
BRDA:29,6,1,13
BRDA:35,7,0,5
BRDA:35,8,0,13
BRDA:35,8,1,8
BRDA:41,9,0,0
BRDA:47,10,0,0
BRDA:53,11,0,0
BRDA:59,12,0,8
BRDA:65,13,0,0
BRDA:69,14,0,0
BRDA:69,15,0,0
BRDA:69,15,1,0
BRDA:75,16,0,0
BRF:22
BRH:12
end_of_record
TN:
SF:src/middlewares/index.ts
FNF:0
FNH:0
DA:1,6
DA:2,6
DA:3,6
LF:3
LH:3
BRF:0
BRH:0
end_of_record
TN:
SF:src/middlewares/validation-middleware.ts
FN:5,validateBody
FN:9,validateParams
FN:13,validate
FN:14,(anonymous_3)
FN:23,(anonymous_4)
FNF:5
FNH:4
FNDA:24,validateBody
FNDA:0,validateParams
FNDA:24,validate
FNDA:14,(anonymous_3)
FNDA:13,(anonymous_4)
DA:3,6
DA:5,6
DA:6,24
DA:9,6
DA:10,0
DA:14,24
DA:15,14
DA:19,14
DA:20,9
DA:22,5
DA:23,13
DA:24,5
LF:12
LH:11
BRDA:19,0,0,9
BRDA:19,0,1,5
BRF:2
BRH:2
end_of_record
TN:
SF:src/repositories/authentication-repository.ts
FN:4,createSession
FN:11,findSession
FNF:2
FNH:2
FNDA:5,createSession
FNDA:3,findSession
DA:2,6
DA:5,5
DA:12,3
DA:20,6
LF:4
LH:4
BRF:0
BRH:0
end_of_record
TN:
SF:src/repositories/credential-repository.ts
FN:4,findByUsernameAndTitle
FN:15,create
FN:21,findCredentials
FN:31,findCredentialById
FN:40,deleteCredentialById
FNF:5
FNH:0
FNDA:0,findByUsernameAndTitle
FNDA:0,create
FNDA:0,findCredentials
FNDA:0,findCredentialById
FNDA:0,deleteCredentialById
DA:2,6
DA:5,0
DA:12,0
DA:16,0
DA:22,0
DA:28,0
DA:32,0
DA:37,0
DA:41,0
DA:46,0
DA:49,6
LF:11
LH:2
BRF:0
BRH:0
end_of_record
TN:
SF:src/repositories/index.ts
FNF:0
FNH:0
DA:1,6
DA:2,6
DA:3,6
DA:4,6
LF:4
LH:4
BRF:0
BRH:0
end_of_record
TN:
SF:src/repositories/network-repository.ts
FN:4,findByNetworkAndTitle
FN:15,create
FN:21,findNetworks
FN:31,findNetworkById
FN:40,deleteNetworkById
FNF:5
FNH:0
FNDA:0,findByNetworkAndTitle
FNDA:0,create
FNDA:0,findNetworks
FNDA:0,findNetworkById
FNDA:0,deleteNetworkById
DA:2,6
DA:5,0
DA:12,0
DA:16,0
DA:22,0
DA:28,0
DA:32,0
DA:37,0
DA:41,0
DA:46,0
DA:49,6
LF:11
LH:2
BRF:0
BRH:0
end_of_record
TN:
SF:src/repositories/users-repository.ts
FN:4,findByEmail
FN:18,create
FNF:2
FNH:2
FNDA:16,findByEmail
FNDA:5,create
DA:2,6
DA:5,16
DA:11,16
DA:12,9
DA:15,16
DA:19,5
DA:24,6
LF:7
LH:7
BRDA:11,0,0,9
BRF:1
BRH:1
end_of_record
TN:
SF:src/routers/authentication-router.ts
FNF:0
FNH:0
DA:1,6
DA:2,6
DA:3,6
DA:4,6
DA:6,6
DA:8,6
DA:10,6
LF:7
LH:7
BRF:0
BRH:0
end_of_record
TN:
SF:src/routers/credentials-router.ts
FNF:0
FNH:0
DA:1,6
DA:2,6
DA:3,6
DA:4,6
DA:7,6
DA:15,6
LF:6
LH:6
BRF:0
BRH:0
end_of_record
TN:
SF:src/routers/index.ts
FNF:0
FNH:0
DA:1,6
DA:2,6
DA:3,6
DA:4,6
LF:4
LH:4
BRF:0
BRH:0
end_of_record
TN:
SF:src/routers/network-router.ts
FNF:0
FNH:0
DA:1,6
DA:2,6
DA:3,6
DA:4,6
DA:7,6
DA:15,6
LF:6
LH:6
BRF:0
BRH:0
end_of_record
TN:
SF:src/routers/users-router.ts
FNF:0
FNH:0
DA:1,6
DA:3,6
DA:4,6
DA:5,6
DA:7,6
DA:9,6
DA:11,6
LF:7
LH:7
BRF:0
BRH:0
end_of_record
TN:
SF:src/schemas/authentication-schemas.ts
FNF:0
FNH:0
DA:1,8
DA:4,8
LF:2
LH:2
BRF:0
BRH:0
end_of_record
TN:
SF:src/schemas/credentials-schemas.ts
FNF:0
FNH:0
DA:1,8
DA:4,8
LF:2
LH:2
BRF:0
BRH:0
end_of_record
TN:
SF:src/schemas/index.ts
FNF:0
FNH:0
DA:1,8
DA:2,8
DA:3,8
DA:4,8
LF:4
LH:4
BRF:0
BRH:0
end_of_record
TN:
SF:src/schemas/network-schemas.ts
FNF:0
FNH:0
DA:1,8
DA:4,8
LF:2
LH:2
BRF:0
BRH:0
end_of_record
TN:
SF:src/schemas/users-schemas.ts
FNF:0
FNH:0
DA:1,8
DA:4,8
LF:2
LH:2
BRF:0
BRH:0
end_of_record
TN:
SF:src/services/authentication-service.ts
FN:8,signIn
FN:23,getUserOrFail
FN:30,createSession
FN:40,checkSession
FN:48,validatePasswordOrFail
FNF:5
FNH:4
FNDA:9,signIn
FNDA:9,getUserOrFail
FNDA:5,createSession
FNDA:0,checkSession
FNDA:7,validatePasswordOrFail
DA:2,6
DA:3,6
DA:4,6
DA:5,6
DA:6,6
DA:9,9
DA:11,9
DA:13,7
DA:15,5
DA:17,5
DA:24,9
DA:25,9
DA:27,7
DA:31,5
DA:32,5
DA:37,5
DA:41,0
DA:42,0
DA:43,0
DA:45,0
DA:49,7
DA:50,7
DA:63,6
LF:23
LH:19
BRDA:25,0,0,2
BRDA:41,1,0,0
BRDA:43,2,0,0
BRDA:50,3,0,2
BRF:4
BRH:2
end_of_record
TN:
SF:src/services/credentials-service.ts
FN:8,createCredential
FN:25,validateUniqueCredentialTitle
FN:32,getCredentials
FN:34,(anonymous_4)
FN:38,getCredentialById
FN:45,deleteCredentialById
FNF:6
FNH:0
FNDA:0,createCredential
FNDA:0,validateUniqueCredentialTitle
FNDA:0,getCredentials
FNDA:0,(anonymous_4)
FNDA:0,getCredentialById
FNDA:0,deleteCredentialById
DA:2,6
DA:3,6
DA:4,6
DA:5,6
DA:8,6
DA:10,0
DA:13,0
DA:16,0
DA:26,0
DA:27,0
DA:28,0
DA:33,0
DA:34,0
DA:35,0
DA:39,0
DA:40,0
DA:41,0
DA:42,0
DA:46,0
DA:47,0
DA:48,0
DA:54,6
LF:22
LH:6
BRDA:27,0,0,0
BRDA:40,1,0,0
BRDA:47,2,0,0
BRF:3
BRH:0
end_of_record
TN:
SF:src/services/index.ts
FNF:0
FNH:0
DA:1,6
DA:2,6
DA:3,6
DA:4,6
LF:4
LH:4
BRF:0
BRH:0
end_of_record
TN:
SF:src/services/network-service.ts
FN:8,networkCreate
FN:24,validateUniqueNetworkTitle
FN:31,getNetworks
FN:33,(anonymous_4)
FN:37,getNetworkById
FN:44,deleteNetworkById
FNF:6
FNH:0
FNDA:0,networkCreate
FNDA:0,validateUniqueNetworkTitle
FNDA:0,getNetworks
FNDA:0,(anonymous_4)
FNDA:0,getNetworkById
FNDA:0,deleteNetworkById
DA:2,6
DA:3,6
DA:4,6
DA:5,6
DA:8,6
DA:10,0
DA:13,0
DA:16,0
DA:25,0
DA:26,0
DA:27,0
DA:32,0
DA:33,0
DA:34,0
DA:38,0
DA:39,0
DA:40,0
DA:41,0
DA:45,0
DA:46,0
DA:47,0
DA:53,6
LF:22
LH:6
BRDA:26,0,0,0
BRDA:39,1,0,0
BRDA:46,2,0,0
BRF:3
BRH:0
end_of_record
TN:
SF:src/services/users-service.ts
FN:6,createUser
FN:17,validateUniqueEmailOrFail
FNF:2
FNH:2
FNDA:7,createUser
FNDA:7,validateUniqueEmailOrFail
DA:2,6
DA:3,6
DA:4,6
DA:6,6
DA:8,7
DA:10,5
DA:11,5
DA:18,7
DA:19,7
DA:20,2
DA:27,6
LF:11
LH:11
BRDA:19,0,0,2
BRF:1
BRH:1
end_of_record
TN:
SF:src/utils/prisma-utils.ts
FN:1,exclude
FNF:1
FNH:1
FNDA:5,exclude
DA:1,6
DA:2,5
DA:3,5
DA:4,5
DA:6,5
LF:5
LH:5
BRF:0
BRH:0
end_of_record
TN:
SF:tests/helpers.ts
FN:8,cleanDb
FN:15,generateValidToken
FNF:2
FNH:1
FNDA:6,cleanDb
FNDA:0,generateValidToken
DA:1,6
DA:4,6
DA:5,6
DA:6,6
DA:8,6
DA:9,6
DA:10,6
DA:11,6
DA:12,6
DA:15,6
DA:16,0
DA:17,0
DA:19,0
DA:21,0
LF:14
LH:10
BRDA:16,0,0,0
BRDA:16,0,1,0
BRF:2
BRH:0
end_of_record
TN:
SF:tests/factories/credential-factory.ts
FN:9,createCredential
FNF:1
FNH:1
FNDA:1,createCredential
DA:1,6
DA:2,6
DA:5,6
DA:6,6
DA:9,6
DA:10,1
DA:11,1
LF:7
LH:7
BRF:0
BRH:0
end_of_record
TN:
SF:tests/factories/index.ts
FNF:0
FNH:0
DA:1,6
DA:2,6
DA:3,6
DA:4,6
LF:4
LH:4
BRF:0
BRH:0
end_of_record
TN:
SF:tests/factories/network-factory.ts
FN:10,createNetwork
FNF:1
FNH:1
FNDA:1,createNetwork
DA:2,6
DA:3,6
DA:4,6
DA:5,6
DA:8,6
DA:10,6
DA:11,1
DA:12,1
DA:14,1
LF:9
LH:9
BRDA:11,0,0,1
BRDA:11,0,1,0
BRF:2
BRH:1
end_of_record
TN:
SF:tests/factories/sessions-factory.ts
FN:6,createSession
FN:17,createSessionAndToken
FNF:2
FNH:2
FNDA:2,createSession
FNDA:2,createSessionAndToken
DA:2,6
DA:3,6
DA:4,6
DA:6,6
DA:7,2
DA:9,2
DA:17,6
DA:18,2
DA:19,2
DA:20,2
DA:22,2
LF:11
LH:11
BRDA:18,0,0,2
BRDA:18,0,1,2
BRF:2
BRH:2
end_of_record
TN:
SF:tests/factories/users-factory.ts
FN:6,createUser
FNF:1
FNH:1
FNDA:15,createUser
DA:1,6
DA:2,6
DA:4,6
DA:6,6
DA:7,15
DA:8,15
DA:10,15
LF:7
LH:7
BRDA:6,0,0,7
BRDA:7,1,0,15
BRDA:7,1,1,7
BRDA:12,2,0,15
BRDA:12,2,1,7
BRF:5
BRH:5
end_of_record
